The system is: Darwin - 12.4.0 - i386
Compiling the C compiler identification source file "CMakeCCompilerId.c" succeeded.
Compiler: /usr/bin/cc 
Build flags: 
Id flags: 

The output was:
0


Compilation of the C compiler identification source "CMakeCCompilerId.c" produced "a.out"

The C compiler identification is Clang, found in "/Users/Philipp/Bachelorarbeit/emsa/build/CMakeFiles/2.8.10.2/CompilerIdC/a.out"

Compiling the CXX compiler identification source file "CMakeCXXCompilerId.cpp" succeeded.
Compiler: /usr/bin/c++ 
Build flags: 
Id flags: 

The output was:
0


Compilation of the CXX compiler identification source "CMakeCXXCompilerId.cpp" produced "a.out"

The CXX compiler identification is Clang, found in "/Users/Philipp/Bachelorarbeit/emsa/build/CMakeFiles/2.8.10.2/CompilerIdCXX/a.out"

Determining if the C compiler works passed with the following output:
Change Dir: /Users/Philipp/Bachelorarbeit/emsa/build/CMakeFiles/CMakeTmp

Run Build Command:/usr/bin/make "cmTryCompileExec453393003/fast"
/usr/bin/make -f CMakeFiles/cmTryCompileExec453393003.dir/build.make CMakeFiles/cmTryCompileExec453393003.dir/build
/opt/local/bin/cmake -E cmake_progress_report /Users/Philipp/Bachelorarbeit/emsa/build/CMakeFiles/CMakeTmp/CMakeFiles 1
Building C object CMakeFiles/cmTryCompileExec453393003.dir/testCCompiler.c.o
/usr/bin/cc    -o CMakeFiles/cmTryCompileExec453393003.dir/testCCompiler.c.o   -c /Users/Philipp/Bachelorarbeit/emsa/build/CMakeFiles/CMakeTmp/testCCompiler.c
Linking C executable cmTryCompileExec453393003
/opt/local/bin/cmake -E cmake_link_script CMakeFiles/cmTryCompileExec453393003.dir/link.txt --verbose=1
/usr/bin/cc      -Wl,-search_paths_first -Wl,-headerpad_max_install_names   CMakeFiles/cmTryCompileExec453393003.dir/testCCompiler.c.o  -o cmTryCompileExec453393003  


Detecting C compiler ABI info compiled with the following output:
Change Dir: /Users/Philipp/Bachelorarbeit/emsa/build/CMakeFiles/CMakeTmp

Run Build Command:/usr/bin/make "cmTryCompileExec541540684/fast"
/usr/bin/make -f CMakeFiles/cmTryCompileExec541540684.dir/build.make CMakeFiles/cmTryCompileExec541540684.dir/build
/opt/local/bin/cmake -E cmake_progress_report /Users/Philipp/Bachelorarbeit/emsa/build/CMakeFiles/CMakeTmp/CMakeFiles 1
Building C object CMakeFiles/cmTryCompileExec541540684.dir/CMakeCCompilerABI.c.o
/usr/bin/cc    -o CMakeFiles/cmTryCompileExec541540684.dir/CMakeCCompilerABI.c.o   -c /opt/local/share/cmake-2.8/Modules/CMakeCCompilerABI.c
Linking C executable cmTryCompileExec541540684
/opt/local/bin/cmake -E cmake_link_script CMakeFiles/cmTryCompileExec541540684.dir/link.txt --verbose=1
/usr/bin/cc      -Wl,-search_paths_first -Wl,-headerpad_max_install_names -v CMakeFiles/cmTryCompileExec541540684.dir/CMakeCCompilerABI.c.o  -o cmTryCompileExec541540684   
Apple LLVM version 4.2 (clang-425.0.24) (based on LLVM 3.2svn)
Target: x86_64-apple-darwin12.4.0
Thread model: posix
 "/usr/bin/ld" -demangle -dynamic -arch x86_64 -macosx_version_min 10.8.0 -o cmTryCompileExec541540684 -search_paths_first -headerpad_max_install_names CMakeFiles/cmTryCompileExec541540684.dir/CMakeCCompilerABI.c.o -lSystem /usr/bin/../lib/clang/4.2/lib/darwin/libclang_rt.osx.a


Parsed C implicit link information from above output:
  link line regex: [^( *|.*[/\])(ld|ld|collect2)[^/\]*( |$)]
  ignore line: [Change Dir: /Users/Philipp/Bachelorarbeit/emsa/build/CMakeFiles/CMakeTmp]
  ignore line: []
  ignore line: [Run Build Command:/usr/bin/make "cmTryCompileExec541540684/fast"]
  ignore line: [/usr/bin/make -f CMakeFiles/cmTryCompileExec541540684.dir/build.make CMakeFiles/cmTryCompileExec541540684.dir/build]
  ignore line: [/opt/local/bin/cmake -E cmake_progress_report /Users/Philipp/Bachelorarbeit/emsa/build/CMakeFiles/CMakeTmp/CMakeFiles 1]
  ignore line: [Building C object CMakeFiles/cmTryCompileExec541540684.dir/CMakeCCompilerABI.c.o]
  ignore line: [/usr/bin/cc    -o CMakeFiles/cmTryCompileExec541540684.dir/CMakeCCompilerABI.c.o   -c /opt/local/share/cmake-2.8/Modules/CMakeCCompilerABI.c]
  ignore line: [Linking C executable cmTryCompileExec541540684]
  ignore line: [/opt/local/bin/cmake -E cmake_link_script CMakeFiles/cmTryCompileExec541540684.dir/link.txt --verbose=1]
  ignore line: [/usr/bin/cc      -Wl,-search_paths_first -Wl,-headerpad_max_install_names -v CMakeFiles/cmTryCompileExec541540684.dir/CMakeCCompilerABI.c.o  -o cmTryCompileExec541540684   ]
  ignore line: [Apple LLVM version 4.2 (clang-425.0.24) (based on LLVM 3.2svn)]
  ignore line: [Target: x86_64-apple-darwin12.4.0]
  ignore line: [Thread model: posix]
  link line: [ "/usr/bin/ld" -demangle -dynamic -arch x86_64 -macosx_version_min 10.8.0 -o cmTryCompileExec541540684 -search_paths_first -headerpad_max_install_names CMakeFiles/cmTryCompileExec541540684.dir/CMakeCCompilerABI.c.o -lSystem /usr/bin/../lib/clang/4.2/lib/darwin/libclang_rt.osx.a]
    arg [/usr/bin/ld] ==> ignore
    arg [-demangle] ==> ignore
    arg [-dynamic] ==> ignore
    arg [-arch] ==> ignore
    arg [x86_64] ==> ignore
    arg [-macosx_version_min] ==> ignore
    arg [10.8.0] ==> ignore
    arg [-o] ==> ignore
    arg [cmTryCompileExec541540684] ==> ignore
    arg [-search_paths_first] ==> ignore
    arg [-headerpad_max_install_names] ==> ignore
    arg [CMakeFiles/cmTryCompileExec541540684.dir/CMakeCCompilerABI.c.o] ==> ignore
    arg [-lSystem] ==> lib [System]
    arg [/usr/bin/../lib/clang/4.2/lib/darwin/libclang_rt.osx.a] ==> lib [/usr/bin/../lib/clang/4.2/lib/darwin/libclang_rt.osx.a]
  remove lib [System]
  implicit libs: [/usr/bin/../lib/clang/4.2/lib/darwin/libclang_rt.osx.a]
  implicit dirs: []


Determining if the CXX compiler works passed with the following output:
Change Dir: /Users/Philipp/Bachelorarbeit/emsa/build/CMakeFiles/CMakeTmp

Run Build Command:/usr/bin/make "cmTryCompileExec2035794339/fast"
/usr/bin/make -f CMakeFiles/cmTryCompileExec2035794339.dir/build.make CMakeFiles/cmTryCompileExec2035794339.dir/build
/opt/local/bin/cmake -E cmake_progress_report /Users/Philipp/Bachelorarbeit/emsa/build/CMakeFiles/CMakeTmp/CMakeFiles 1
Building CXX object CMakeFiles/cmTryCompileExec2035794339.dir/testCXXCompiler.cxx.o
/usr/bin/c++     -o CMakeFiles/cmTryCompileExec2035794339.dir/testCXXCompiler.cxx.o -c /Users/Philipp/Bachelorarbeit/emsa/build/CMakeFiles/CMakeTmp/testCXXCompiler.cxx
Linking CXX executable cmTryCompileExec2035794339
/opt/local/bin/cmake -E cmake_link_script CMakeFiles/cmTryCompileExec2035794339.dir/link.txt --verbose=1
/usr/bin/c++       -Wl,-search_paths_first -Wl,-headerpad_max_install_names   CMakeFiles/cmTryCompileExec2035794339.dir/testCXXCompiler.cxx.o  -o cmTryCompileExec2035794339  


Detecting CXX compiler ABI info compiled with the following output:
Change Dir: /Users/Philipp/Bachelorarbeit/emsa/build/CMakeFiles/CMakeTmp

Run Build Command:/usr/bin/make "cmTryCompileExec2053191215/fast"
/usr/bin/make -f CMakeFiles/cmTryCompileExec2053191215.dir/build.make CMakeFiles/cmTryCompileExec2053191215.dir/build
/opt/local/bin/cmake -E cmake_progress_report /Users/Philipp/Bachelorarbeit/emsa/build/CMakeFiles/CMakeTmp/CMakeFiles 1
Building CXX object CMakeFiles/cmTryCompileExec2053191215.dir/CMakeCXXCompilerABI.cpp.o
/usr/bin/c++     -o CMakeFiles/cmTryCompileExec2053191215.dir/CMakeCXXCompilerABI.cpp.o -c /opt/local/share/cmake-2.8/Modules/CMakeCXXCompilerABI.cpp
Linking CXX executable cmTryCompileExec2053191215
/opt/local/bin/cmake -E cmake_link_script CMakeFiles/cmTryCompileExec2053191215.dir/link.txt --verbose=1
/usr/bin/c++       -Wl,-search_paths_first -Wl,-headerpad_max_install_names -v CMakeFiles/cmTryCompileExec2053191215.dir/CMakeCXXCompilerABI.cpp.o  -o cmTryCompileExec2053191215   
Apple LLVM version 4.2 (clang-425.0.24) (based on LLVM 3.2svn)
Target: x86_64-apple-darwin12.4.0
Thread model: posix
 "/usr/bin/ld" -demangle -dynamic -arch x86_64 -macosx_version_min 10.8.0 -o cmTryCompileExec2053191215 -search_paths_first -headerpad_max_install_names CMakeFiles/cmTryCompileExec2053191215.dir/CMakeCXXCompilerABI.cpp.o -lstdc++ -lSystem /usr/bin/../lib/clang/4.2/lib/darwin/libclang_rt.osx.a


Parsed CXX implicit link information from above output:
  link line regex: [^( *|.*[/\])(ld|ld|collect2)[^/\]*( |$)]
  ignore line: [Change Dir: /Users/Philipp/Bachelorarbeit/emsa/build/CMakeFiles/CMakeTmp]
  ignore line: []
  ignore line: [Run Build Command:/usr/bin/make "cmTryCompileExec2053191215/fast"]
  ignore line: [/usr/bin/make -f CMakeFiles/cmTryCompileExec2053191215.dir/build.make CMakeFiles/cmTryCompileExec2053191215.dir/build]
  ignore line: [/opt/local/bin/cmake -E cmake_progress_report /Users/Philipp/Bachelorarbeit/emsa/build/CMakeFiles/CMakeTmp/CMakeFiles 1]
  ignore line: [Building CXX object CMakeFiles/cmTryCompileExec2053191215.dir/CMakeCXXCompilerABI.cpp.o]
  ignore line: [/usr/bin/c++     -o CMakeFiles/cmTryCompileExec2053191215.dir/CMakeCXXCompilerABI.cpp.o -c /opt/local/share/cmake-2.8/Modules/CMakeCXXCompilerABI.cpp]
  ignore line: [Linking CXX executable cmTryCompileExec2053191215]
  ignore line: [/opt/local/bin/cmake -E cmake_link_script CMakeFiles/cmTryCompileExec2053191215.dir/link.txt --verbose=1]
  ignore line: [/usr/bin/c++       -Wl,-search_paths_first -Wl,-headerpad_max_install_names -v CMakeFiles/cmTryCompileExec2053191215.dir/CMakeCXXCompilerABI.cpp.o  -o cmTryCompileExec2053191215   ]
  ignore line: [Apple LLVM version 4.2 (clang-425.0.24) (based on LLVM 3.2svn)]
  ignore line: [Target: x86_64-apple-darwin12.4.0]
  ignore line: [Thread model: posix]
  link line: [ "/usr/bin/ld" -demangle -dynamic -arch x86_64 -macosx_version_min 10.8.0 -o cmTryCompileExec2053191215 -search_paths_first -headerpad_max_install_names CMakeFiles/cmTryCompileExec2053191215.dir/CMakeCXXCompilerABI.cpp.o -lstdc++ -lSystem /usr/bin/../lib/clang/4.2/lib/darwin/libclang_rt.osx.a]
    arg [/usr/bin/ld] ==> ignore
    arg [-demangle] ==> ignore
    arg [-dynamic] ==> ignore
    arg [-arch] ==> ignore
    arg [x86_64] ==> ignore
    arg [-macosx_version_min] ==> ignore
    arg [10.8.0] ==> ignore
    arg [-o] ==> ignore
    arg [cmTryCompileExec2053191215] ==> ignore
    arg [-search_paths_first] ==> ignore
    arg [-headerpad_max_install_names] ==> ignore
    arg [CMakeFiles/cmTryCompileExec2053191215.dir/CMakeCXXCompilerABI.cpp.o] ==> ignore
    arg [-lstdc++] ==> lib [stdc++]
    arg [-lSystem] ==> lib [System]
    arg [/usr/bin/../lib/clang/4.2/lib/darwin/libclang_rt.osx.a] ==> lib [/usr/bin/../lib/clang/4.2/lib/darwin/libclang_rt.osx.a]
  remove lib [System]
  implicit libs: [stdc++;/usr/bin/../lib/clang/4.2/lib/darwin/libclang_rt.osx.a]
  implicit dirs: []


